c:\users\user\source\repos\data structure apu\dspart2\ordermanagement\ordermanagement\x64\debug\vc145.pdb
c:\users\user\source\repos\data structure apu\dspart2\ordermanagement\ordermanagement\x64\debug\vc145.idb
c:\users\user\source\repos\data structure apu\dspart2\ordermanagement\ordermanagement\x64\debug\robotassignment.obj
c:\users\user\source\repos\data structure apu\dspart2\ordermanagement\ordermanagement\x64\debug\ordermanager.obj
c:\users\user\source\repos\data structure apu\dspart2\ordermanagement\ordermanagement\x64\debug\main.obj
c:\users\user\source\repos\data structure apu\dspart2\ordermanagement\ordermanagement\x64\debug\bst.obj
c:\users\user\desktop\ds assignment\part 2\dspart2\ordermanagement\ordermanagement\x64\debug\vc145.pdb
c:\users\user\desktop\ds assignment\part 2\dspart2\ordermanagement\ordermanagement\x64\debug\vc145.idb
c:\users\user\desktop\ds assignment\part 2\dspart2\ordermanagement\ordermanagement\x64\debug\robotassignment.obj
c:\users\user\desktop\ds assignment\part 2\dspart2\ordermanagement\ordermanagement\x64\debug\ordermanager.obj
c:\users\user\desktop\ds assignment\part 2\dspart2\ordermanagement\ordermanagement\x64\debug\main.obj
c:\users\user\desktop\ds assignment\part 2\dspart2\ordermanagement\ordermanagement\x64\debug\bst.obj
c:\users\user\source\repos\data structure apu\dspart2\ordermanagement\ordermanagement\x64\debug\robotnavigation.obj
c:\users\user\source\repos\data structure apu\dspart2\ordermanagement\ordermanagement\x64\debug\ordermanagement.ilk
c:\users\user\source\repos\data structure apu\dspart2\ordermanagement\x64\debug\ordermanagement.pdb
c:\users\user\source\repos\data structure apu\dspart2\ordermanagement\ordermanagement\x64\debug\ordermanagement.tlog\cl.command.1.tlog
c:\users\user\source\repos\data structure apu\dspart2\ordermanagement\ordermanagement\x64\debug\ordermanagement.tlog\cl.items.tlog
c:\users\user\source\repos\data structure apu\dspart2\ordermanagement\ordermanagement\x64\debug\ordermanagement.tlog\cl.read.1.tlog
c:\users\user\source\repos\data structure apu\dspart2\ordermanagement\ordermanagement\x64\debug\ordermanagement.tlog\cl.write.1.tlog
c:\users\user\source\repos\data structure apu\dspart2\ordermanagement\ordermanagement\x64\debug\ordermanagement.tlog\link-cvtres.read.1.tlog
c:\users\user\source\repos\data structure apu\dspart2\ordermanagement\ordermanagement\x64\debug\ordermanagement.tlog\link-cvtres.write.1.tlog
c:\users\user\source\repos\data structure apu\dspart2\ordermanagement\ordermanagement\x64\debug\ordermanagement.tlog\link-mt.read.1.tlog
c:\users\user\source\repos\data structure apu\dspart2\ordermanagement\ordermanagement\x64\debug\ordermanagement.tlog\link-mt.write.1.tlog
c:\users\user\source\repos\data structure apu\dspart2\ordermanagement\ordermanagement\x64\debug\ordermanagement.tlog\link-rc.read.1.tlog
c:\users\user\source\repos\data structure apu\dspart2\ordermanagement\ordermanagement\x64\debug\ordermanagement.tlog\link-rc.write.1.tlog
c:\users\user\source\repos\data structure apu\dspart2\ordermanagement\ordermanagement\x64\debug\ordermanagement.tlog\link.command.1.tlog
c:\users\user\source\repos\data structure apu\dspart2\ordermanagement\ordermanagement\x64\debug\ordermanagement.tlog\link.read.1.tlog
c:\users\user\source\repos\data structure apu\dspart2\ordermanagement\ordermanagement\x64\debug\ordermanagement.tlog\link.read.2.tlog
c:\users\user\source\repos\data structure apu\dspart2\ordermanagement\ordermanagement\x64\debug\ordermanagement.tlog\link.read.3.tlog
c:\users\user\source\repos\data structure apu\dspart2\ordermanagement\ordermanagement\x64\debug\ordermanagement.tlog\link.read.4.tlog
c:\users\user\source\repos\data structure apu\dspart2\ordermanagement\ordermanagement\x64\debug\ordermanagement.tlog\link.secondary.1.tlog
c:\users\user\source\repos\data structure apu\dspart2\ordermanagement\ordermanagement\x64\debug\ordermanagement.tlog\link.write.1.tlog
